<?xml version="1.0" encoding="UTF-8"?>
<!-- Generated by org.testng.reporters.JUnitXMLReporter -->
<testsuite ignored="0" hostname="LAPTOP-CIG3UQOC" failures="0" tests="3" name="Test" time="19.578" errors="0" timestamp="2022-06-02T19:15:58 IST">
  <testcase classname="cicdfortesters.TestClass1" name="Test1" time="4.937"/>
  <testcase classname="cicdfortesters.TestClass1" name="Test2" time="2.477"/>
  <testcase classname="cicdfortesters.TestClass1" name="Test3" time="2.541"/>
</testsuite> <!-- Test -->
