<?xml version="1.0" encoding="UTF-8"?>
<testng-results ignored="0" total="3" passed="3" failed="0" skipped="0">
  <reporter-output>
  </reporter-output>
  <suite started-at="2022-06-02T19:21:40 IST" name="Suite" finished-at="2022-06-02T19:21:56 IST" duration-ms="15954">
    <groups>
    </groups>
    <test started-at="2022-06-02T19:21:40 IST" name="Test" finished-at="2022-06-02T19:21:56 IST" duration-ms="15954">
      <class name="cicdfortesters.TestClass1">
        <test-method is-config="true" signature="launchDriver()[pri:0, instance:cicdfortesters.TestClass1@366647c2]" started-at="2022-06-02T19:21:40 IST" name="launchDriver" finished-at="2022-06-02T19:21:43 IST" duration-ms="2551" status="PASS">
          <reporter-output>
          </reporter-output>
        </test-method> <!-- launchDriver -->
        <test-method signature="Test1()[pri:0, instance:cicdfortesters.TestClass1@366647c2]" started-at="2022-06-02T19:21:43 IST" name="Test1" finished-at="2022-06-02T19:21:48 IST" duration-ms="5140" status="PASS">
          <reporter-output>
          </reporter-output>
        </test-method> <!-- Test1 -->
        <test-method is-config="true" signature="quit()[pri:0, instance:cicdfortesters.TestClass1@366647c2]" started-at="2022-06-02T19:21:48 IST" name="quit" finished-at="2022-06-02T19:21:48 IST" duration-ms="142" status="PASS">
          <reporter-output>
          </reporter-output>
        </test-method> <!-- quit -->
        <test-method is-config="true" signature="launchDriver()[pri:0, instance:cicdfortesters.TestClass1@366647c2]" started-at="2022-06-02T19:21:48 IST" name="launchDriver" finished-at="2022-06-02T19:21:49 IST" duration-ms="1430" status="PASS">
          <reporter-output>
          </reporter-output>
        </test-method> <!-- launchDriver -->
        <test-method signature="Test2()[pri:0, instance:cicdfortesters.TestClass1@366647c2]" started-at="2022-06-02T19:21:49 IST" name="Test2" finished-at="2022-06-02T19:21:52 IST" duration-ms="2582" status="PASS">
          <reporter-output>
          </reporter-output>
        </test-method> <!-- Test2 -->
        <test-method is-config="true" signature="quit()[pri:0, instance:cicdfortesters.TestClass1@366647c2]" started-at="2022-06-02T19:21:52 IST" name="quit" finished-at="2022-06-02T19:21:52 IST" duration-ms="106" status="PASS">
          <reporter-output>
          </reporter-output>
        </test-method> <!-- quit -->
        <test-method is-config="true" signature="launchDriver()[pri:0, instance:cicdfortesters.TestClass1@366647c2]" started-at="2022-06-02T19:21:52 IST" name="launchDriver" finished-at="2022-06-02T19:21:53 IST" duration-ms="1364" status="PASS">
          <reporter-output>
          </reporter-output>
        </test-method> <!-- launchDriver -->
        <test-method signature="Test3()[pri:0, instance:cicdfortesters.TestClass1@366647c2]" started-at="2022-06-02T19:21:53 IST" name="Test3" finished-at="2022-06-02T19:21:56 IST" duration-ms="2495" status="PASS">
          <reporter-output>
          </reporter-output>
        </test-method> <!-- Test3 -->
        <test-method is-config="true" signature="quit()[pri:0, instance:cicdfortesters.TestClass1@366647c2]" started-at="2022-06-02T19:21:56 IST" name="quit" finished-at="2022-06-02T19:21:56 IST" duration-ms="93" status="PASS">
          <reporter-output>
          </reporter-output>
        </test-method> <!-- quit -->
      </class> <!-- cicdfortesters.TestClass1 -->
    </test> <!-- Test -->
  </suite> <!-- Suite -->
</testng-results>
