<?xml version="1.0" encoding="UTF-8"?>
<testng-results ignored="0" total="3" passed="3" failed="0" skipped="0">
  <reporter-output>
  </reporter-output>
  <suite started-at="2022-06-02T19:15:38 IST" name="Suite" finished-at="2022-06-02T19:15:58 IST" duration-ms="19578">
    <groups>
    </groups>
    <test started-at="2022-06-02T19:15:38 IST" name="Test" finished-at="2022-06-02T19:15:58 IST" duration-ms="19578">
      <class name="cicdfortesters.TestClass1">
        <test-method is-config="true" signature="launchDriver()[pri:0, instance:cicdfortesters.TestClass1@5acf93bb]" started-at="2022-06-02T19:15:38 IST" name="launchDriver" finished-at="2022-06-02T19:15:44 IST" duration-ms="6374" status="PASS">
          <reporter-output>
          </reporter-output>
        </test-method> <!-- launchDriver -->
        <test-method signature="Test1()[pri:0, instance:cicdfortesters.TestClass1@5acf93bb]" started-at="2022-06-02T19:15:44 IST" name="Test1" finished-at="2022-06-02T19:15:49 IST" duration-ms="4937" status="PASS">
          <reporter-output>
          </reporter-output>
        </test-method> <!-- Test1 -->
        <test-method is-config="true" signature="quit()[pri:0, instance:cicdfortesters.TestClass1@5acf93bb]" started-at="2022-06-02T19:15:49 IST" name="quit" finished-at="2022-06-02T19:15:50 IST" duration-ms="203" status="PASS">
          <reporter-output>
          </reporter-output>
        </test-method> <!-- quit -->
        <test-method is-config="true" signature="launchDriver()[pri:0, instance:cicdfortesters.TestClass1@5acf93bb]" started-at="2022-06-02T19:15:50 IST" name="launchDriver" finished-at="2022-06-02T19:15:51 IST" duration-ms="1439" status="PASS">
          <reporter-output>
          </reporter-output>
        </test-method> <!-- launchDriver -->
        <test-method signature="Test2()[pri:0, instance:cicdfortesters.TestClass1@5acf93bb]" started-at="2022-06-02T19:15:51 IST" name="Test2" finished-at="2022-06-02T19:15:54 IST" duration-ms="2477" status="PASS">
          <reporter-output>
          </reporter-output>
        </test-method> <!-- Test2 -->
        <test-method is-config="true" signature="quit()[pri:0, instance:cicdfortesters.TestClass1@5acf93bb]" started-at="2022-06-02T19:15:54 IST" name="quit" finished-at="2022-06-02T19:15:54 IST" duration-ms="106" status="PASS">
          <reporter-output>
          </reporter-output>
        </test-method> <!-- quit -->
        <test-method is-config="true" signature="launchDriver()[pri:0, instance:cicdfortesters.TestClass1@5acf93bb]" started-at="2022-06-02T19:15:54 IST" name="launchDriver" finished-at="2022-06-02T19:15:55 IST" duration-ms="1356" status="PASS">
          <reporter-output>
          </reporter-output>
        </test-method> <!-- launchDriver -->
        <test-method signature="Test3()[pri:0, instance:cicdfortesters.TestClass1@5acf93bb]" started-at="2022-06-02T19:15:55 IST" name="Test3" finished-at="2022-06-02T19:15:58 IST" duration-ms="2541" status="PASS">
          <reporter-output>
          </reporter-output>
        </test-method> <!-- Test3 -->
        <test-method is-config="true" signature="quit()[pri:0, instance:cicdfortesters.TestClass1@5acf93bb]" started-at="2022-06-02T19:15:58 IST" name="quit" finished-at="2022-06-02T19:15:58 IST" duration-ms="83" status="PASS">
          <reporter-output>
          </reporter-output>
        </test-method> <!-- quit -->
      </class> <!-- cicdfortesters.TestClass1 -->
    </test> <!-- Test -->
  </suite> <!-- Suite -->
</testng-results>
